#
# There is insufficient memory for the Java Runtime Environment to continue.
# Native memory allocation (mmap) failed to map 266338304 bytes. Error detail: G1 virtual space
# Possible reasons:
#   The system is out of physical RAM or swap space
#   This process is running with CompressedOops enabled, and the Java Heap may be blocking the growth of the native heap
# Possible solutions:
#   Reduce memory load on the system
#   Increase physical memory or swap space
#   Check if swap backing store is full
#   Decrease Java heap size (-Xmx/-Xms)
#   Decrease number of Java threads
#   Decrease Java thread stack sizes (-Xss)
#   Set larger code cache with -XX:ReservedCodeCacheSize=
#   JVM is running with Zero Based Compressed Oops mode in which the Java heap is
#     placed in the first 32GB address space. The Java Heap base address is the
#     maximum limit for the native heap growth. Please use -XX:HeapBaseMinAddress
#     to set the Java Heap base and to place the Java Heap above 32GB virtual address.
# This output file may be truncated or incomplete.
#
#  Out of Memory Error (os_windows.cpp:3631), pid=23004, tid=3848
#
# JRE version:  (22.0.1+8) (build )
# Java VM: OpenJDK 64-Bit Server VM (22.0.1+8-16, mixed mode, sharing, tiered, compressed oops, compressed class ptrs, g1 gc, windows-amd64)
# No core dump will be written. Minidumps are not enabled by default on client versions of Windows
#

---------------  S U M M A R Y ------------

Command Line: -Dmaven.multiModuleProjectDirectory=D:\Ahmed Elgazar\springboot\DBex -Djansi.passthrough=true -Dmaven.home=C:\Users\Sprint\.m2\wrapper\dists\apache-maven-3.9.7-bin\3k9n615lchs6mp84v355m633uo\apache-maven-3.9.7 -Dclassworlds.conf=C:\Users\Sprint\.m2\wrapper\dists\apache-maven-3.9.7-bin\3k9n615lchs6mp84v355m633uo\apache-maven-3.9.7\bin\m2.conf -Dmaven.ext.class.path=E:\PROJECT\java\IntelliJ IDEA Community Edition 2024.1.4\plugins\maven\lib\maven-event-listener.jar -javaagent:E:\PROJECT\java\IntelliJ IDEA Community Edition 2024.1.4\lib\idea_rt.jar=49502:E:\PROJECT\java\IntelliJ IDEA Community Edition 2024.1.4\bin -Dfile.encoding=UTF-8 -Dsun.stdout.encoding=UTF-8 -Dsun.stderr.encoding=UTF-8 org.codehaus.classworlds.Launcher -Didea.version=2024.1.4 install

Host: Intel(R) Core(TM) i7-8750H CPU @ 2.20GHz, 12 cores, 15G,  Windows 10 , 64 bit Build 19041 (10.0.19041.4717)
Time: Tue Aug 20 16:06:36 2024 Egypt Daylight Time elapsed time: 0.021548 seconds (0d 0h 0m 0s)

---------------  T H R E A D  ---------------

Current thread (0x0000016f14bc2200):  JavaThread "Unknown thread" [_thread_in_vm, id=3848, stack(0x0000002269000000,0x0000002269100000) (1024K)]

Stack: [0x0000002269000000,0x0000002269100000]
Native frames: (J=compiled Java code, j=interpreted, Vv=VM code, C=native code)
V  [jvm.dll+0x6e2279]  (no source info available)
V  [jvm.dll+0x874e33]  (no source info available)
V  [jvm.dll+0x87725e]  (no source info available)
V  [jvm.dll+0x877933]  (no source info available)
V  [jvm.dll+0x27fd76]  (no source info available)
V  [jvm.dll+0x6de915]  (no source info available)
V  [jvm.dll+0x6d341a]  (no source info available)
V  [jvm.dll+0x3589da]  (no source info available)
V  [jvm.dll+0x360f06]  (no source info available)
V  [jvm.dll+0x3b3e2e]  (no source info available)
V  [jvm.dll+0x3b40d8]  (no source info available)
V  [jvm.dll+0x32c59c]  (no source info available)
V  [jvm.dll+0x32d158]  (no source info available)
V  [jvm.dll+0x83ccdc]  (no source info available)
V  [jvm.dll+0x3c0d71]  (no source info available)
V  [jvm.dll+0x825ccc]  (no source info available)
V  [jvm.dll+0x45b8fe]  (no source info available)
V  [jvm.dll+0x45d781]  (no source info available)
C  [jli.dll+0x52a3]  (no source info available)
C  [ucrtbase.dll+0x21bb2]  (no source info available)
C  [KERNEL32.DLL+0x17374]  (no source info available)
C  [ntdll.dll+0x4cc91]  (no source info available)


---------------  P R O C E S S  ---------------

Threads class SMR info:
_java_thread_list=0x00007ffe2a96b1c8, length=0, elements={
}

Java Threads: ( => current thread )
Total: 0

Other Threads:
  0x0000016f14e1a000 WorkerThread "GC Thread#0"                     [id=19980, stack(0x0000002269100000,0x0000002269200000) (1024K)]
  0x0000016f14e2af30 ConcurrentGCThread "G1 Main Marker"            [id=5112, stack(0x0000002269200000,0x0000002269300000) (1024K)]
  0x0000016f14e2c1e0 WorkerThread "G1 Conc#0"                       [id=6136, stack(0x0000002269300000,0x0000002269400000) (1024K)]

[error occurred during error reporting (printing all threads), id 0xc0000005, EXCEPTION_ACCESS_VIOLATION (0xc0000005) at pc=0x00007ffe2a0bf367]
VM state: not at safepoint (not fully initialized)

VM Mutex/Monitor currently owned by a thread:  ([mutex/lock_event])
[0x00007ffe2a9ebcb8] Heap_lock - owner thread: 0x0000016f14bc2200

Heap address: 0x0000000702600000, size: 4058 MB, Compressed Oops mode: Zero based, Oop shift amount: 3

CDS archive(s) mapped at: [0x0000000000000000-0x0000000000000000-0x0000000000000000), size 0, SharedBaseAddress: 0x0000000800000000, ArchiveRelocationMode: 1.
Narrow klass base: 0x0000000000000000, Narrow klass shift: 0, Narrow klass range: 0x0

GC Precious Log:
 CardTable entry size: 512
 Card Set container configuration: InlinePtr #cards 4 size 8 Array Of Cards #cards 16 size 48 Howl #buckets 8 coarsen threshold 3686 Howl Bitmap #cards 512 size 80 coarsen threshold 460 Card regions per heap region 1 cards per card region 4096

Heap:
 garbage-first heap   total reserved 4155392K, committed 0K, used 0K [0x0000000702600000, 0x0000000800000000)
  region size 2048K, 0 young (0K), 0 survivors (0K)

[error occurred during error reporting (printing heap information), id 0xc0000005, EXCEPTION_ACCESS_VIOLATION (0xc0000005) at pc=0x00007ffe2a4be429]
GC Heap History (0 events):
No events

Dll operation events (1 events):
Event: 0.007 Loaded shared library C:\Users\Sprint\.jdks\openjdk-22.0.1\bin\java.dll

Deoptimization events (0 events):
No events

Classes loaded (0 events):
No events

Classes unloaded (0 events):
No events

Classes redefined (0 events):
No events

Internal exceptions (0 events):
No events

ZGC Phase Switch (0 events):
No events

VM Operations (0 events):
No events

Events (0 events):
No events


Dynamic libraries:
0x00007ff612f20000 - 0x00007ff612f2e000 	C:\Users\Sprint\.jdks\openjdk-22.0.1\bin\java.exe
0x00007ffe9fbb0000 - 0x00007ffe9fda8000 	C:\Windows\SYSTEM32\ntdll.dll
0x00007ffe9e9d0000 - 0x00007ffe9ea91000 	C:\Windows\System32\KERNEL32.DLL
0x00007ffe9d490000 - 0x00007ffe9d78d000 	C:\Windows\System32\KERNELBASE.dll
0x00007ffe9d790000 - 0x00007ffe9d890000 	C:\Windows\System32\ucrtbase.dll
0x00007ffe8ad50000 - 0x00007ffe8ad67000 	C:\Users\Sprint\.jdks\openjdk-22.0.1\bin\jli.dll
0x00007ffe8ae00000 - 0x00007ffe8ae1b000 	C:\Users\Sprint\.jdks\openjdk-22.0.1\bin\VCRUNTIME140.dll
0x00007ffe9e1b0000 - 0x00007ffe9e34d000 	C:\Windows\System32\USER32.dll
0x00007ffe9d460000 - 0x00007ffe9d482000 	C:\Windows\System32\win32u.dll
0x00007ffe9e930000 - 0x00007ffe9e95b000 	C:\Windows\System32\GDI32.dll
0x00007ffe84a70000 - 0x00007ffe84d0a000 	C:\Windows\WinSxS\amd64_microsoft.windows.common-controls_6595b64144ccf1df_6.0.19041.4355_none_60b8b9eb71f62e16\COMCTL32.dll
0x00007ffe9dac0000 - 0x00007ffe9dbd7000 	C:\Windows\System32\gdi32full.dll
0x00007ffe9eb00000 - 0x00007ffe9eb9e000 	C:\Windows\System32\msvcrt.dll
0x00007ffe9d260000 - 0x00007ffe9d2fd000 	C:\Windows\System32\msvcp_win.dll
0x00007ffe9ec10000 - 0x00007ffe9ec3f000 	C:\Windows\System32\IMM32.DLL
0x00007ffe98de0000 - 0x00007ffe98dec000 	C:\Users\Sprint\.jdks\openjdk-22.0.1\bin\vcruntime140_1.dll
0x00007ffe8aac0000 - 0x00007ffe8ab4e000 	C:\Users\Sprint\.jdks\openjdk-22.0.1\bin\msvcp140.dll
0x00007ffe29d80000 - 0x00007ffe2aac7000 	C:\Users\Sprint\.jdks\openjdk-22.0.1\bin\server\jvm.dll
0x00007ffe9e5e0000 - 0x00007ffe9e690000 	C:\Windows\System32\ADVAPI32.dll
0x00007ffe9e110000 - 0x00007ffe9e1b0000 	C:\Windows\System32\sechost.dll
0x00007ffe9e350000 - 0x00007ffe9e473000 	C:\Windows\System32\RPCRT4.dll
0x00007ffe9da00000 - 0x00007ffe9da27000 	C:\Windows\System32\bcrypt.dll
0x00007ffe9e960000 - 0x00007ffe9e9cb000 	C:\Windows\System32\WS2_32.dll
0x00007ffe9c7e0000 - 0x00007ffe9c82b000 	C:\Windows\SYSTEM32\POWRPROF.dll
0x00007ffe907d0000 - 0x00007ffe907f7000 	C:\Windows\SYSTEM32\WINMM.dll
0x00007ffe96720000 - 0x00007ffe9672a000 	C:\Windows\SYSTEM32\VERSION.dll
0x00007ffe9c650000 - 0x00007ffe9c662000 	C:\Windows\SYSTEM32\UMPDC.dll
0x00007ffe9ba70000 - 0x00007ffe9ba82000 	C:\Windows\SYSTEM32\kernel.appcore.dll
0x00007ffe98cf0000 - 0x00007ffe98cfa000 	C:\Users\Sprint\.jdks\openjdk-22.0.1\bin\jimage.dll
0x00007ffe9b050000 - 0x00007ffe9b234000 	C:\Windows\SYSTEM32\DBGHELP.DLL
0x00007ffe7f0c0000 - 0x00007ffe7f0f4000 	C:\Windows\SYSTEM32\dbgcore.DLL
0x00007ffe9da30000 - 0x00007ffe9dab2000 	C:\Windows\System32\bcryptPrimitives.dll
0x00007ffe968b0000 - 0x00007ffe968bf000 	C:\Users\Sprint\.jdks\openjdk-22.0.1\bin\instrument.dll
0x00007ffe8abc0000 - 0x00007ffe8abde000 	C:\Users\Sprint\.jdks\openjdk-22.0.1\bin\java.dll
0x00007ffe9ee50000 - 0x00007ffe9f5bf000 	C:\Windows\System32\SHELL32.dll
0x00007ffe9f5c0000 - 0x00007ffe9f6eb000 	C:\Windows\System32\ole32.dll
0x00007ffe9ddb0000 - 0x00007ffe9e103000 	C:\Windows\System32\combase.dll

dbghelp: loaded successfully - version: 4.0.5 - missing functions: none
symbol engine: initialized successfully - sym options: 0x614 - pdb path: .;C:\Users\Sprint\.jdks\openjdk-22.0.1\bin;C:\Windows\SYSTEM32;C:\Windows\WinSxS\amd64_microsoft.windows.common-controls_6595b64144ccf1df_6.0.19041.4355_none_60b8b9eb71f62e16;C:\Users\Sprint\.jdks\openjdk-22.0.1\bin\server

VM Arguments:
jvm_args: -Dmaven.multiModuleProjectDirectory=D:\Ahmed Elgazar\springboot\DBex -Djansi.passthrough=true -Dmaven.home=C:\Users\Sprint\.m2\wrapper\dists\apache-maven-3.9.7-bin\3k9n615lchs6mp84v355m633uo\apache-maven-3.9.7 -Dclassworlds.conf=C:\Users\Sprint\.m2\wrapper\dists\apache-maven-3.9.7-bin\3k9n615lchs6mp84v355m633uo\apache-maven-3.9.7\bin\m2.conf -Dmaven.ext.class.path=E:\PROJECT\java\IntelliJ IDEA Community Edition 2024.1.4\plugins\maven\lib\maven-event-listener.jar -javaagent:E:\PROJECT\java\IntelliJ IDEA Community Edition 2024.1.4\lib\idea_rt.jar=49502:E:\PROJECT\java\IntelliJ IDEA Community Edition 2024.1.4\bin -Dfile.encoding=UTF-8 -Dsun.stdout.encoding=UTF-8 -Dsun.stderr.encoding=UTF-8 
java_command: org.codehaus.classworlds.Launcher -Didea.version=2024.1.4 install
java_class_path (initial): C:\Users\Sprint\.m2\wrapper\dists\apache-maven-3.9.7-bin\3k9n615lchs6mp84v355m633uo\apache-maven-3.9.7\boot\plexus-classworlds-2.8.0.jar;C:\Users\Sprint\.m2\wrapper\dists\apache-maven-3.9.7-bin\3k9n615lchs6mp84v355m633uo\apache-maven-3.9.7\boot\plexus-classworlds.license
Launcher Type: SUN_STANDARD

[Global flags]
     intx CICompilerCount                          = 4                                         {product} {ergonomic}
     uint ConcGCThreads                            = 3                                         {product} {ergonomic}
     uint G1ConcRefinementThreads                  = 10                                        {product} {ergonomic}
   size_t G1HeapRegionSize                         = 2097152                                   {product} {ergonomic}
   size_t InitialHeapSize                          = 266338304                                 {product} {ergonomic}
   size_t MarkStackSize                            = 4194304                                   {product} {ergonomic}
   size_t MaxHeapSize                              = 4255121408                                {product} {ergonomic}
   size_t MinHeapDeltaBytes                        = 2097152                                   {product} {ergonomic}
   size_t MinHeapSize                              = 8388608                                   {product} {ergonomic}
    uintx NonNMethodCodeHeapSize                   = 5839372                                {pd product} {ergonomic}
    uintx NonProfiledCodeHeapSize                  = 122909434                              {pd product} {ergonomic}
    uintx ProfiledCodeHeapSize                     = 122909434                              {pd product} {ergonomic}
    uintx ReservedCodeCacheSize                    = 251658240                              {pd product} {ergonomic}
     bool SegmentedCodeCache                       = true                                      {product} {ergonomic}
   size_t SoftMaxHeapSize                          = 4255121408                             {manageable} {ergonomic}
     bool UseCompressedOops                        = true                           {product lp64_product} {ergonomic}
     bool UseG1GC                                  = true                                      {product} {ergonomic}
     bool UseLargePagesIndividualAllocation        = false                                  {pd product} {ergonomic}

Logging:
Log output configuration:
 #0: stdout all=warning uptime,level,tags foldmultilines=false
 #1: stderr all=off uptime,level,tags foldmultilines=false

Environment Variables:
PATH=C:\Program Files (x86)\Common Files\Oracle\Java\javapath;C:\Windows\system32;C:\Windows;C:\Windows\System32\Wbem;C:\Windows\System32\WindowsPowerShell\v1.0\;C:\Windows\System32\OpenSSH\;C:\Program Files (x86)\NVIDIA Corporation\PhysX\Common;C:\Program Files\NVIDIA Corporation\NVIDIA NvDLISR;C:\Program Files\Git\cmd;C:\Program Files (x86)\Microsoft SQL Server\110\Tools\Binn\;C:\Program Files\Microsoft SQL Server\110\Tools\Binn\;C:\Program Files\Microsoft SQL Server\110\DTS\Binn\;C:\Program Files (x86)\Microsoft SQL Server\110\Tools\Binn\ManagementStudio\;C:\Program Files (x86)\Microsoft SQL Server\110\DTS\Binn\;C:\Users\Sprint\Desktop\php5\php5;C:\xampp\php;C:\ProgramData\ComposerSetup\bin;C:\Program Files\dotnet\;C:\Users\Sprint\AppData\Local\Microsoft\WindowsApps;C:\Users\Sprint\AppData\Local\Programs\Microsoft VS Code\bin;E:\xampp\php;C:\Users\Sprint\composer;C:\Users\Sprint\AppData\Roaming\Composer\vendor\bin;C:\Users\Sprint\.dotnet\tools;C:\Program Files (x86)\Brackets\;E:\PROJECT\java\IntelliJ IDEA Community Edition 2024.1.4\bin;
USERNAME=Sprint
OS=Windows_NT
PROCESSOR_IDENTIFIER=Intel64 Family 6 Model 158 Stepping 10, GenuineIntel
TMP=C:\Users\Sprint\AppData\Local\Temp
TEMP=C:\Users\Sprint\AppData\Local\Temp




Periodic native trim disabled

---------------  S Y S T E M  ---------------

OS:
 Windows 10 , 64 bit Build 19041 (10.0.19041.4717)
OS uptime: 5 days 0:16 hours

CPU: total 12 (initial active 12) (6 cores per cpu, 2 threads per core) family 6 model 158 stepping 10 microcode 0xf0, cx8, cmov, fxsr, ht, mmx, 3dnowpref, sse, sse2, sse3, ssse3, sse4.1, sse4.2, popcnt, lzcnt, tsc, tscinvbit, avx, avx2, aes, erms, clmul, bmi1, bmi2, adx, fma, vzeroupper, clflush, clflushopt, rdtscp, f16c
Processor Information for all 12 processors :
  Max Mhz: 2208, Current Mhz: 2208, Mhz Limit: 2208

Memory: 4k page, system-wide physical 16226M (1834M free)
TotalPageFile size 24418M (AvailPageFile size 246M)
current process WorkingSet (physical memory assigned to process): 11M, peak: 12M
current process commit charge ("private bytes"): 65M, peak: 318M

vm_info: OpenJDK 64-Bit Server VM (22.0.1+8-16) for windows-amd64 JRE (22.0.1+8-16), built on 2024-03-12T10:33:16Z by "mach5one" with MS VC++ 17.6 (VS2022)

END.
